<?xml version="1.0" encoding="UTF-8"?>
<!-- Generated by org.testng.reporters.JUnitReportReporter -->
<testsuite hostname="LAPTOP-3OOOK5AL" failures="0" tests="1" name="PractiseSelenium.GithubPractise" time="2.490" errors="0" timestamp="2023-02-11T22:50:36 IST" skipped="0">
  <testcase classname="PractiseSelenium.GithubPractise" name="tc1" time="2.490"/>
  <system-out/>
</testsuite> <!-- PractiseSelenium.GithubPractise -->
